<?xml version="1.0" encoding="UTF-8"?>
<testng-results ignored="0" total="2" passed="2" failed="0" skipped="0">
  <reporter-output>
  </reporter-output>
  <suite started-at="2023-05-15T22:38:32 EDT" name="Parallel Test Suite" finished-at="2023-05-15T22:38:49 EDT" duration-ms="16662">
    <groups>
    </groups>
    <test started-at="2023-05-15T22:38:32 EDT" name="Test" finished-at="2023-05-15T22:38:49 EDT" duration-ms="16662">
      <class name="com.automation.tests.LoginTestsWithDataProvider">
        <test-method is-config="true" signature="driverSetup([Ljava.lang.Object;)[pri:0, instance:com.automation.tests.LoginTestsWithDataProvider@3023df74]" started-at="2023-05-15T22:38:33 EDT" name="driverSetup" finished-at="2023-05-15T22:38:37 EDT" duration-ms="4308" status="PASS">
          <params>
            <param index="0">
              <value>
                <![CDATA[[Ljava.lang.Object;@58e6d4b8]]>
              </value>
            </param>
          </params>
          <reporter-output>
          </reporter-output>
        </test-method> <!-- driverSetup -->
        <test-method is-config="true" signature="driverSetup([Ljava.lang.Object;)[pri:0, instance:com.automation.tests.LoginTestsWithDataProvider@3023df74]" started-at="2023-05-15T22:38:33 EDT" name="driverSetup" finished-at="2023-05-15T22:38:40 EDT" duration-ms="7130" status="PASS">
          <params>
            <param index="0">
              <value>
                <![CDATA[[Ljava.lang.Object;@1de5f0ef]]>
              </value>
            </param>
          </params>
          <reporter-output>
          </reporter-output>
        </test-method> <!-- driverSetup -->
        <test-method signature="loginLogOutTest(java.util.Map)[pri:0, instance:com.automation.tests.LoginTestsWithDataProvider@3023df74]" started-at="2023-05-15T22:38:37 EDT" name="loginLogOutTest" data-provider="getDataFromExcel" finished-at="2023-05-15T22:38:45 EDT" duration-ms="7728" status="PASS">
          <params>
            <param index="0">
              <value>
                <![CDATA[{fname=anupam, password=YWRtaW4xMjM=, browser=chrome, action=, testname=loginLogOutTest, execute=yes, username=admin}]]>
              </value>
            </param>
          </params>
          <reporter-output>
          </reporter-output>
        </test-method> <!-- loginLogOutTest -->
        <test-method signature="loginLogOutTest(java.util.Map)[pri:0, instance:com.automation.tests.LoginTestsWithDataProvider@3023df74]" started-at="2023-05-15T22:38:40 EDT" name="loginLogOutTest" data-provider="getDataFromExcel" finished-at="2023-05-15T22:38:48 EDT" duration-ms="7918" status="PASS">
          <params>
            <param index="0">
              <value>
                <![CDATA[{fname=anupam, password=YWRtaW4xMjM=, browser=firefox, action=Logout, testname=loginLogOutTest, execute=yes, username=admin}]]>
              </value>
            </param>
          </params>
          <reporter-output>
          </reporter-output>
        </test-method> <!-- loginLogOutTest -->
        <test-method is-config="true" signature="driverDisconnect()[pri:0, instance:com.automation.tests.LoginTestsWithDataProvider@3023df74]" started-at="2023-05-15T22:38:45 EDT" name="driverDisconnect" finished-at="2023-05-15T22:38:45 EDT" duration-ms="94" status="PASS">
          <reporter-output>
          </reporter-output>
        </test-method> <!-- driverDisconnect -->
        <test-method is-config="true" signature="driverDisconnect()[pri:0, instance:com.automation.tests.LoginTestsWithDataProvider@3023df74]" started-at="2023-05-15T22:38:48 EDT" name="driverDisconnect" finished-at="2023-05-15T22:38:49 EDT" duration-ms="675" status="PASS">
          <reporter-output>
          </reporter-output>
        </test-method> <!-- driverDisconnect -->
      </class> <!-- com.automation.tests.LoginTestsWithDataProvider -->
    </test> <!-- Test -->
  </suite> <!-- Parallel Test Suite -->
</testng-results>
